<?xml version="1.0" encoding="UTF-8"?>
<testsuite xmlns:xsi="http://www.w3.org/2001/XMLSchema-instance" xsi:noNamespaceSchemaLocation="https://maven.apache.org/surefire/maven-surefire-plugin/xsd/surefire-test-report.xsd" name="fr.univlyon1.m1if.m1if03.classes.MessageTest" time="0.05" tests="3" errors="0" skipped="0" failures="0">
  <properties>
[...]
</properties>
  <testcase name="getText" classname="fr.univlyon1.m1if.m1if03.classes.MessageTest" time="0.039"/>
  <testcase name="getUser" classname="fr.univlyon1.m1if.m1if03.classes.MessageTest" time="0.001"/>
  <testcase name="setText" classname="fr.univlyon1.m1if.m1if03.classes.MessageTest" time="0.001"/>
</testsuite>